# Logfile created on 2021-03-19 09:52:29 +0000 by logger.rb/v1.4.3
I, [2021-03-19T09:52:29.671405 #1229]  INFO -- : (0.000194s) PRAGMA foreign_keys = 1
I, [2021-03-19T09:52:29.671495 #1229]  INFO -- : (0.000015s) PRAGMA case_sensitive_like = 1
I, [2021-03-19T09:52:29.683789 #1229]  INFO -- : (0.000079s) SELECT sqlite_version()
I, [2021-03-19T09:52:29.684037 #1229]  INFO -- : (0.000097s) PRAGMA table_info('courses')
I, [2021-03-19T09:52:29.684967 #1229]  INFO -- : (0.000208s) PRAGMA table_info('users')
I, [2021-03-19T09:53:40.076440 #1229]  INFO -- : (0.000235s) SELECT * FROM `users` WHERE (`email` = 'Test@sheffield.ac.uk') LIMIT 1
I, [2021-03-19T09:54:54.917590 #1229]  INFO -- : (0.000727s) SELECT * FROM `users` WHERE (`email` = 'john@sheffield.ac.uk') LIMIT 1
I, [2021-03-19T09:54:54.918101 #1229]  INFO -- : (0.000181s) SELECT * FROM `users` WHERE (`email` = 'john@sheffield.ac.uk') LIMIT 1
I, [2021-03-19T09:55:12.100677 #1229]  INFO -- : (0.000819s) SELECT * FROM `users` WHERE (`user_type` = 'mentor')
I, [2021-03-19T09:55:33.829561 #1229]  INFO -- : (0.000400s) SELECT * FROM `users` WHERE (`user_type` = 'mentor')
I, [2021-03-19T10:00:03.238923 #1229]  INFO -- : (0.000275s) SELECT * FROM `users` WHERE (`user_type` = 'mentor')
I, [2021-03-19T10:01:08.140982 #1229]  INFO -- : (0.000199s) SELECT * FROM `users` WHERE (`email` = 'john2@sheffield.ac.uk') LIMIT 1
I, [2021-03-19T10:01:20.466399 #1229]  INFO -- : (0.000181s) SELECT * FROM `users` WHERE (`email` = 'john2@sheffield.ac.uk') LIMIT 1
I, [2021-03-19T10:01:20.467108 #1229]  INFO -- : (0.000161s) SELECT * FROM `users` WHERE (`email` = 'john2@sheffield.ac.uk') LIMIT 1
I, [2021-03-19T10:01:20.467248 #1229]  INFO -- : (0.000022s) BEGIN
I, [2021-03-19T10:01:20.467720 #1229]  INFO -- : (0.000295s) INSERT INTO `users` (`email`, `password`, `user_type`) VALUES ('john2@sheffield.ac.uk', 'hehehehe', 'admin')
I, [2021-03-19T10:01:20.467977 #1229]  INFO -- : (0.000125s) SELECT * FROM `users` WHERE `id` = 21
I, [2021-03-19T10:01:20.557404 #1229]  INFO -- : (0.088855s) COMMIT
I, [2021-03-19T10:01:35.387692 #1229]  INFO -- : (0.000214s) SELECT * FROM `users` WHERE (`email` = 'john2@sheffield.ac.uk') LIMIT 1
I, [2021-03-19T10:01:35.387999 #1229]  INFO -- : (0.000139s) SELECT * FROM `users` WHERE (`email` = 'john2@sheffield.ac.uk') LIMIT 1
I, [2021-03-19T10:01:48.564886 #1229]  INFO -- : (0.000282s) SELECT * FROM `users` WHERE (`user_type` = 'mentor')
I, [2021-03-19T10:06:18.648849 #1229]  INFO -- : (0.000295s) SELECT * FROM `users` WHERE (`user_type` = 'mentor')
I, [2021-03-19T10:06:57.565501 #1229]  INFO -- : (0.000351s) SELECT * FROM `users` WHERE (`user_type` = 'mentor')
I, [2021-03-19T10:09:03.062942 #1229]  INFO -- : (0.000193s) SELECT * FROM `users` WHERE (`email` = 'john3@sheffield.ac.uk') LIMIT 1
I, [2021-03-19T10:09:12.891154 #1229]  INFO -- : (0.000179s) SELECT * FROM `users` WHERE (`email` = 'john3@sheffield.ac.uk') LIMIT 1
I, [2021-03-19T10:09:12.891498 #1229]  INFO -- : (0.000174s) SELECT * FROM `users` WHERE (`email` = 'john3@sheffield.ac.uk') LIMIT 1
I, [2021-03-19T10:09:12.891606 #1229]  INFO -- : (0.000017s) BEGIN
I, [2021-03-19T10:09:12.891993 #1229]  INFO -- : (0.000248s) INSERT INTO `users` (`email`, `password`, `user_type`) VALUES ('john3@sheffield.ac.uk', '12345678', 'mentee')
I, [2021-03-19T10:09:12.892249 #1229]  INFO -- : (0.000137s) SELECT * FROM `users` WHERE `id` = 22
I, [2021-03-19T10:09:12.990974 #1229]  INFO -- : (0.098638s) COMMIT
I, [2021-03-19T10:09:26.195625 #1229]  INFO -- : (0.000252s) SELECT * FROM `users` WHERE (`email` = 'john@sheffield.ac.uk') LIMIT 1
I, [2021-03-19T10:09:30.727622 #1229]  INFO -- : (0.000208s) SELECT * FROM `users` WHERE (`email` = 'john@sheffield.ac.uk') LIMIT 1
I, [2021-03-19T10:09:36.233907 #1229]  INFO -- : (0.000223s) SELECT * FROM `users` WHERE (`email` = 'john3@sheffield.ac.uk') LIMIT 1
I, [2021-03-19T10:09:36.234225 #1229]  INFO -- : (0.000148s) SELECT * FROM `users` WHERE (`email` = 'john3@sheffield.ac.uk') LIMIT 1
I, [2021-03-19T10:34:22.163163 #1446]  INFO -- : (0.000187s) PRAGMA foreign_keys = 1
I, [2021-03-19T10:34:22.163260 #1446]  INFO -- : (0.000015s) PRAGMA case_sensitive_like = 1
I, [2021-03-19T10:34:22.175715 #1446]  INFO -- : (0.000073s) SELECT sqlite_version()
I, [2021-03-19T10:34:22.175958 #1446]  INFO -- : (0.000095s) PRAGMA table_info('courses')
I, [2021-03-19T10:34:22.176848 #1446]  INFO -- : (0.000205s) PRAGMA table_info('users')
I, [2021-03-19T10:40:24.037680 #1448]  INFO -- : (0.000200s) PRAGMA foreign_keys = 1
I, [2021-03-19T10:40:24.037784 #1448]  INFO -- : (0.000015s) PRAGMA case_sensitive_like = 1
I, [2021-03-19T10:40:24.050927 #1448]  INFO -- : (0.000082s) SELECT sqlite_version()
I, [2021-03-19T10:40:24.051187 #1448]  INFO -- : (0.000101s) PRAGMA table_info('courses')
I, [2021-03-19T10:40:24.052130 #1448]  INFO -- : (0.000211s) PRAGMA table_info('users')
I, [2021-03-19T10:57:19.865265 #1448]  INFO -- : (0.000240s) SELECT * FROM `users` WHERE `id` = '2'
I, [2021-03-19T10:57:24.370541 #1448]  INFO -- : (0.000261s) SELECT * FROM `users` WHERE `id` = '1'
I, [2021-03-19T10:58:00.749702 #1448]  INFO -- : (0.000228s) SELECT * FROM `users` WHERE `id` = '1'
I, [2021-03-19T10:58:15.721537 #1448]  INFO -- : (0.000249s) SELECT * FROM `users` WHERE `id` = '1'
I, [2021-03-19T10:58:24.058717 #1448]  INFO -- : (0.000207s) SELECT * FROM `users` WHERE `id` = '1'
I, [2021-03-19T10:59:05.236326 #1448]  INFO -- : (0.000209s) SELECT * FROM `users` WHERE `id` = '1'
I, [2021-03-19T10:59:19.434929 #1448]  INFO -- : (0.000198s) SELECT * FROM `users` WHERE `id` = '1'
I, [2021-03-19T11:00:04.899978 #1448]  INFO -- : (0.000212s) SELECT * FROM `users` WHERE `id` = '1'
I, [2021-03-19T11:00:35.815674 #1448]  INFO -- : (0.000218s) SELECT * FROM `users` WHERE `id` = '1'
